#
# There is insufficient memory for the Java Runtime Environment to continue.
# Native memory allocation (malloc) failed to allocate 9232 bytes for AllocateHeap
# Possible reasons:
#   The system is out of physical RAM or swap space
#   The process is running with CompressedOops enabled, and the Java Heap may be blocking the growth of the native heap
# Possible solutions:
#   Reduce memory load on the system
#   Increase physical memory or swap space
#   Check if swap backing store is full
#   Decrease Java heap size (-Xmx/-Xms)
#   Decrease number of Java threads
#   Decrease Java thread stack sizes (-Xss)
#   Set larger code cache with -XX:ReservedCodeCacheSize=
#
#  , pid=8180
#
# 4 cores, 15G,  Windows 10 , 64 bit Build 19041 (10.0.19041.5915)
Time: Thu Mar 19 15:37:07 2026 India Standard Time elapsed time: 2276.954732 seconds (0d 0h 37m 56s)

---------------  T H R E A D  ---------------

Current thread (0x00000220ffbe16d0):  JavaThread "pool-1-thread-1" [_thread_in_Java, id=11052, stack(0x000000be7e400000,0x000000be7e500000)]

Stack: [0x000000be7e400000,0x000000be7e500000]
Native frames: (J=compiled Java code, j=interpreted, Vv=VM code, C=native code)
V  [jvm.dll+0x67a04a]
V  [jvm.dll+0x7da4ed]
V  [jvm.dll+0x7dbe33]
V  [jvm.dll+0x7dc4a3]
V  [jvm.dll+0x24508f]
V  [jvm.dll+0xa5e2b]
V  [jvm.dll+0x251fa9]
V  [jvm.dll+0x254a5c]
C  0x00000220f6d3232b

Java frames: (J=compiled Java code, j=interpreted, Vv=VM code)
v  ~UncommonTrapBlob
J 2060 c2 org.gradle.internal.logging.console.DefaultColorMap.getColor(Ljava/lang/String;)Lorg/gradle/internal/logging/console/ColorMap$Color; (38 bytes) @ 0x00000220f739a74c [0x00000220f739a140+0x000000000000060c]
J 1704 c1 org.gradle.internal.logging.console.DefaultAnsiExecutor$AnsiContextImpl.withStyle(Lorg/gradle/internal/logging/text/StyledTextOutput$Style;Lorg/gradle/api/Action;)Lorg/gradle/internal/logging/console/AnsiContext; (16 bytes) @ 0x00000220efadf214 [0x00000220efadef40+0x00000000000002d4]
j  org.gradle.internal.logging.console.DefaultTextArea$2.execute(Lorg/gradle/internal/logging/console/AnsiContext;)V+16
j  org.gradle.internal.logging.console.DefaultTextArea$2.execute(Ljava/lang/Object;)V+5
J 1977 c1 org.gradle.internal.logging.console.DefaultAnsiExecutor.writeAt(Lorg/gradle/internal/logging/console/Cursor;Lorg/gradle/api/Action;)V (42 bytes) @ 0x00000220efb3c594 [0x00000220efb3b940+0x0000000000000c54]
j  org.gradle.internal.logging.console.DefaultTextArea.doLineText(Ljava/lang/CharSequence;)V+27
J 2008 c2 org.gradle.internal.logging.text.AbstractLineChoppingStyledTextOutput.doAppend(Ljava/lang/String;)V (43 bytes) @ 0x00000220f738e698 [0x00000220f738dec0+0x00000000000007d8]
J 1930 c1 org.gradle.internal.logging.text.AbstractStyledTextOutput.text(Ljava/lang/Object;)Lorg/gradle/internal/logging/text/StyledTextOutput; (19 bytes) @ 0x00000220efb27bd4 [0x00000220efb279c0+0x0000000000000214]
j  org.gradle.internal.logging.console.StyledTextOutputBackedRenderer$OutputEventTextOutputImpl.doLineText(Ljava/lang/CharSequence;)V+5
J 2008 c2 org.gradle.internal.logging.text.AbstractLineChoppingStyledTextOutput.doAppend(Ljava/lang/String;)V (43 bytes) @ 0x00000220f738e698 [0x00000220f738dec0+0x00000000000007d8]
J 1930 c1 org.gradle.internal.logging.text.AbstractStyledTextOutput.text(Ljava/lang/Object;)Lorg/gradle/internal/logging/text/StyledTextOutput; (19 bytes) @ 0x00000220efb27bd4 [0x00000220efb279c0+0x0000000000000214]
j  org.gradle.internal.logging.events.StyledTextOutputEvent.render(Lorg/gradle/internal/logging/text/StyledTextOutput;)V+45
j  org.gradle.internal.logging.console.StyledTextOutputBackedRenderer.onOutput(Lorg/gradle/internal/logging/events/OutputEvent;)V+240
J 1732 c1 org.gradle.internal.logging.sink.GroupingProgressLogEventGenerator$OperationGroup.flushOutput()V (197 bytes) @ 0x00000220efaecbc4 [0x00000220efaec560+0x0000000000000664]
J 1908 c2 org.gradle.internal.logging.console.BuildLogLevelFilterRenderer.onOutput(Lorg/gradle/internal/logging/events/OutputEvent;)V (53 bytes) @ 0x00000220f737f7b4 [0x00000220f737f120+0x0000000000000694]
J 1840 c2 org.gradle.internal.logging.console.BuildStatusRenderer.onOutput(Lorg/gradle/internal/logging/events/OutputEvent;)V (350 bytes) @ 0x00000220f7368280 [0x00000220f7368060+0x0000000000000220]
J 1842 c2 org.gradle.internal.logging.console.ThrottlingOutputEventListener.onOutput(Lorg/gradle/internal/logging/events/OutputEvent;)V (85 bytes) @ 0x00000220f736e6f0 [0x00000220f736e3a0+0x0000000000000350]
J 1844 c2 java.util.concurrent.ScheduledThreadPoolExecutor$ScheduledFutureTask.run()V java.base@17.0.12 (57 bytes) @ 0x00000220f737009c [0x00000220f736fe00+0x000000000000029c]
j  java.util.concurrent.ThreadPoolExecutor.runWorker(Ljava/util/concurrent/ThreadPoolExecutor$Worker;)V+92 java.base@17.0.12
j  java.util.concurrent.ThreadPoolExecutor$Worker.run()V+5 java.base@17.0.12
j  java.lang.Thread.run()V+11 java.base@17.0.12
v  ~StubRoutines::call_stub

---------------  P R O C E S S  ---------------

Threads class SMR info:
_java_thread_list=0x00000220c7089570, length=13, elements={
0x00000220e7ee6660, 0x00000220e7fba050, 0x00000220e7fbade0, 0x00000220fedddfe0,
0x00000220fede1de0, 0x00000220fede26b0, 0x00000220fede2f80, 0x00000220fede3b80,
0x00000220fee11fe0, 0x00000220fee3fa60, 0x00000220ff041110, 0x00000220ff04caa0,
0x00000220ffbe16d0
}

Java Threads: ( => current thread )
  0x00000220e7ee6660 JavaThread "main" [_thread_blocked, id=3640, stack(0x000000be7ce00000,0x000000be7cf00000)]
  0x00000220e7fba050 JavaThread "Reference Handler" daemon [_thread_blocked, id=15464, stack(0x000000be7d500000,0x000000be7d600000)]
  0x00000220e7fbade0 JavaThread "Finalizer" daemon [_thread_blocked, id=9780, stack(0x000000be7d600000,0x000000be7d700000)]
  0x00000220fedddfe0 JavaThread "Signal Dispatcher" daemon [_thread_blocked, id=7516, stack(0x000000be7d700000,0x000000be7d800000)]
  0x00000220fede1de0 JavaThread "Attach Listener" daemon [_thread_blocked, id=5404, stack(0x000000be7d800000,0x000000be7d900000)]
  0x00000220fede26b0 JavaThread "Service Thread" daemon [_thread_blocked, id=2880, stack(0x000000be7d900000,0x000000be7da00000)]
  0x00000220fede2f80 JavaThread "Monitor Deflation Thread" daemon [_thread_blocked, id=7412, stack(0x000000be7da00000,0x000000be7db00000)]
  0x00000220fede3b80 JavaThread "C2 CompilerThread0" daemon [_thread_blocked, id=16984, stack(0x000000be7db00000,0x000000be7dc00000)]
  0x00000220fee11fe0 JavaThread "C1 CompilerThread0" daemon [_thread_blocked, id=4916, stack(0x000000be7dc00000,0x000000be7dd00000)]
  0x00000220fee3fa60 JavaThread "Sweeper thread" daemon [_thread_blocked, id=11180, stack(0x000000be7dd00000,0x000000be7de00000)]
  0x00000220ff041110 JavaThread "Notification Thread" daemon [_thread_blocked, id=9452, stack(0x000000be7de00000,0x000000be7df00000)]
  0x00000220ff04caa0 JavaThread "Common-Cleaner" daemon [_thread_blocked, id=14788, stack(0x000000be7e000000,0x000000be7e100000)]
=>0x00000220ffbe16d0 JavaThread "pool-1-thread-1" [_thread_in_Java, id=11052, stack(0x000000be7e400000,0x000000be7e500000)]

Other Threads:
  0x00000220e7fb1080 VMThread "VM Thread" [stack: 0x000000be7d400000,0x000000be7d500000] [id=16892]
  0x00000220ff048230 WatcherThread [stack: 0x000000be7df00000,0x000000be7e000000] [id=6488]
  0x00000220e7f05190 GCTaskThread "GC Thread#0" [stack: 0x000000be7cf00000,0x000000be7d000000] [id=17160]
  0x00000220ff1fd7b0 GCTaskThread "GC Thread#1" [stack: 0x000000be7e100000,0x000000be7e200000] [id=11020]
  0x00000220ff2145c0 GCTaskThread "GC Thread#2" [stack: 0x000000be7e200000,0x000000be7e300000] [id=16568]
  0x00000220ff214880 GCTaskThread "GC Thread#3" [stack: 0x000000be7e300000,0x000000be7e400000] [id=3464]
  0x00000220e7f07800 ConcurrentGCThread "G1 Main Marker" [stack: 0x000000be7d000000,0x000000be7d100000] [id=10548]
  0x00000220e7f08130 ConcurrentGCThread "G1 Conc#0" [stack: 0x000000be7d100000,0x000000be7d200000] [id=16716]
  0x00000220e7f54ab0 ConcurrentGCThread "G1 Refine#0" [stack: 0x000000be7d200000,0x000000be7d300000] [id=14396]
  0x00000220e7f553f0 ConcurrentGCThread "G1 Service" [stack: 0x000000be7d300000,0x000000be7d400000] [id=16428]

Threads with active compile tasks:

VM state: not at safepoint (normal execution)

VM Mutex/Monitor currently owned by a thread: None

Heap address: 0x00000000fc000000, size: 64 MB, Compressed Oops mode: 32-bit

CDS archive(s) mapped at: [0x0000022082000000-0x0000022082bd0000-0x0000022082bd0000), size 12386304, SharedBaseAddress: 0x0000022082000000, ArchiveRelocationMode: 1.
Compressed class space mapped at: 0x0000022083000000-0x00000220c3000000, reserved size: 1073741824
Narrow klass base: 0x0000022082000000, Narrow klass shift: 0, Narrow klass range: 0x100000000

GC Precious Log:
 CPUs: 4 total, 4 available
 Memory: 16242M
 Large Page Support: Disabled
 NUMA Support: Disabled
 Compressed Oops: Enabled (32-bit)
 Heap Region Size: 1M
 Heap Min Capacity: 64M
 Heap Initial Capacity: 64M
 Heap Max Capacity: 64M
 Pre-touch: Disabled
 Parallel Workers: 4
 Concurrent Workers: 1
 Concurrent Refinement Workers: 4
 Periodic GC: Disabled

Heap:
 garbage-first heap   total 65536K, used 34193K [0x00000000fc000000, 0x0000000100000000)
  region size 1024K, 28 young (28672K), 5 survivors (5120K)
 Metaspace       used 9553K, committed 9792K, reserved 1114112K
  class space    used 1243K, committed 1344K, reserved 1048576K

Heap Regions: E=young(eden), S=young(survivor), O=old, HS=humongous(starts), HC=humongous(continues), CS=collection set, F=free, OA=open archive, CA=closed archive, TAMS=top-at-mark-start (previous, next)
|   0|0x00000000fc000000, 0x00000000fc100000, 0x00000000fc100000|100%|HS|  |TAMS 0x00000000fc000000, 0x00000000fc000000| Complete 
|   1|0x00000000fc100000, 0x00000000fc200000, 0x00000000fc200000|100%|HC|  |TAMS 0x00000000fc100000, 0x00000000fc100000| Complete 
|   2|0x00000000fc200000, 0x00000000fc300000, 0x00000000fc300000|100%|HC|  |TAMS 0x00000000fc200000, 0x00000000fc200000| Complete 
|   3|0x00000000fc300000, 0x00000000fc400000, 0x00000000fc400000|100%| O|  |TAMS 0x00000000fc300000, 0x00000000fc300000| Untracked 
|   4|0x00000000fc400000, 0x00000000fc500000, 0x00000000fc500000|100%| O|  |TAMS 0x00000000fc400000, 0x00000000fc400000| Untracked 
|   5|0x00000000fc500000, 0x00000000fc600000, 0x00000000fc600000|100%| O|  |TAMS 0x00000000fc500000, 0x00000000fc500000| Untracked 
|   6|0x00000000fc600000, 0x00000000fc700000, 0x00000000fc700000|100%| O|  |TAMS 0x00000000fc600000, 0x00000000fc600000| Untracked 
|   7|0x00000000fc700000, 0x00000000fc700000, 0x00000000fc800000|  0%| F|  |TAMS 0x00000000fc700000, 0x00000000fc700000| Untracked 
|   8|0x00000000fc800000, 0x00000000fc800000, 0x00000000fc900000|  0%| F|  |TAMS 0x00000000fc800000, 0x00000000fc800000| Untracked 
|   9|0x00000000fc900000, 0x00000000fc900000, 0x00000000fca00000|  0%| F|  |TAMS 0x00000000fc900000, 0x00000000fc900000| Untracked 
|  10|0x00000000fca00000, 0x00000000fca00000, 0x00000000fcb00000|  0%| F|  |TAMS 0x00000000fca00000, 0x00000000fca00000| Untracked 
|  11|0x00000000fcb00000, 0x00000000fcb00000, 0x00000000fcc00000|  0%| F|  |TAMS 0x00000000fcb00000, 0x00000000fcb00000| Untracked 
|  12|0x00000000fcc00000, 0x00000000fcc00000, 0x00000000fcd00000|  0%| F|  |TAMS 0x00000000fcc00000, 0x00000000fcc00000| Untracked 
|  13|0x00000000fcd00000, 0x00000000fcd00000, 0x00000000fce00000|  0%| F|  |TAMS 0x00000000fcd00000, 0x00000000fcd00000| Untracked 
|  14|0x00000000fce00000, 0x00000000fce00000, 0x00000000fcf00000|  0%| F|  |TAMS 0x00000000fce00000, 0x00000000fce00000| Untracked 
|  15|0x00000000fcf00000, 0x00000000fcf00000, 0x00000000fd000000|  0%| F|  |TAMS 0x00000000fcf00000, 0x00000000fcf00000| Untracked 
|  16|0x00000000fd000000, 0x00000000fd000000, 0x00000000fd100000|  0%| F|  |TAMS 0x00000000fd000000, 0x00000000fd000000| Untracked 
|  17|0x00000000fd100000, 0x00000000fd100000, 0x00000000fd200000|  0%| F|  |TAMS 0x00000000fd100000, 0x00000000fd100000| Untracked 
|  18|0x00000000fd200000, 0x00000000fd200000, 0x00000000fd300000|  0%| F|  |TAMS 0x00000000fd200000, 0x00000000fd200000| Untracked 
|  19|0x00000000fd300000, 0x00000000fd300000, 0x00000000fd400000|  0%| F|  |TAMS 0x00000000fd300000, 0x00000000fd300000| Untracked 
|  20|0x00000000fd400000, 0x00000000fd400000, 0x00000000fd500000|  0%| F|  |TAMS 0x00000000fd400000, 0x00000000fd400000| Untracked 
|  21|0x00000000fd500000, 0x00000000fd564668, 0x00000000fd600000| 39%| S|CS|TAMS 0x00000000fd500000, 0x00000000fd500000| Complete 
|  22|0x00000000fd600000, 0x00000000fd700000, 0x00000000fd700000|100%| S|CS|TAMS 0x00000000fd600000, 0x00000000fd600000| Complete 
|  23|0x00000000fd700000, 0x00000000fd800000, 0x00000000fd800000|100%| S|CS|TAMS 0x00000000fd700000, 0x00000000fd700000| Complete 
|  24|0x00000000fd800000, 0x00000000fd900000, 0x00000000fd900000|100%| S|CS|TAMS 0x00000000fd800000, 0x00000000fd800000| Complete 
|  25|0x00000000fd900000, 0x00000000fda00000, 0x00000000fda00000|100%| S|CS|TAMS 0x00000000fd900000, 0x00000000fd900000| Complete 
|  26|0x00000000fda00000, 0x00000000fda00000, 0x00000000fdb00000|  0%| F|  |TAMS 0x00000000fda00000, 0x00000000fda00000| Untracked 
|  27|0x00000000fdb00000, 0x00000000fdb00000, 0x00000000fdc00000|  0%| F|  |TAMS 0x00000000fdb00000, 0x00000000fdb00000| Untracked 
|  28|0x00000000fdc00000, 0x00000000fdc00000, 0x00000000fdd00000|  0%| F|  |TAMS 0x00000000fdc00000, 0x00000000fdc00000| Untracked 
|  29|0x00000000fdd00000, 0x00000000fdd00000, 0x00000000fde00000|  0%| F|  |TAMS 0x00000000fdd00000, 0x00000000fdd00000| Untracked 
|  30|0x00000000fde00000, 0x00000000fde00000, 0x00000000fdf00000|  0%| F|  |TAMS 0x00000000fde00000, 0x00000000fde00000| Untracked 
|  31|0x00000000fdf00000, 0x00000000fdf00000, 0x00000000fe000000|  0%| F|  |TAMS 0x00000000fdf00000, 0x00000000fdf00000| Untracked 
|  32|0x00000000fe000000, 0x00000000fe000000, 0x00000000fe100000|  0%| F|  |TAMS 0x00000000fe000000, 0x00000000fe000000| Untracked 
|  33|0x00000000fe100000, 0x00000000fe100000, 0x00000000fe200000|  0%| F|  |TAMS 0x00000000fe100000, 0x00000000fe100000| Untracked 
|  34|0x00000000fe200000, 0x00000000fe200000, 0x00000000fe300000|  0%| F|  |TAMS 0x00000000fe200000, 0x00000000fe200000| Untracked 
|  35|0x00000000fe300000, 0x00000000fe300000, 0x00000000fe400000|  0%| F|  |TAMS 0x00000000fe300000, 0x00000000fe300000| Untracked 
|  36|0x00000000fe400000, 0x00000000fe400000, 0x00000000fe500000|  0%| F|  |TAMS 0x00000000fe400000, 0x00000000fe400000| Untracked 
|  37|0x00000000fe500000, 0x00000000fe500000, 0x00000000fe600000|  0%| F|  |TAMS 0x00000000fe500000, 0x00000000fe500000| Untracked 
|  38|0x00000000fe600000, 0x00000000fe600000, 0x00000000fe700000|  0%| F|  |TAMS 0x00000000fe600000, 0x00000000fe600000| Untracked 
|  39|0x00000000fe700000, 0x00000000fe700000, 0x00000000fe800000|  0%| F|  |TAMS 0x00000000fe700000, 0x00000000fe700000| Untracked 
|  40|0x00000000fe800000, 0x00000000fe800000, 0x00000000fe900000|  0%| F|  |TAMS 0x00000000fe800000, 0x00000000fe800000| Untracked 
|  41|0x00000000fe900000, 0x00000000fe986250, 0x00000000fea00000| 52%| E|  |TAMS 0x00000000fe900000, 0x00000000fe900000| Complete 
|  42|0x00000000fea00000, 0x00000000feb00000, 0x00000000feb00000|100%| E|CS|TAMS 0x00000000fea00000, 0x00000000fea00000| Complete 
|  43|0x00000000feb00000, 0x00000000fec00000, 0x00000000fec00000|100%| E|CS|TAMS 0x00000000feb00000, 0x00000000feb00000| Complete 
|  44|0x00000000fec00000, 0x00000000fed00000, 0x00000000fed00000|100%| E|CS|TAMS 0x00000000fec00000, 0x00000000fec00000| Complete 
|  45|0x00000000fed00000, 0x00000000fee00000, 0x00000000fee00000|100%| E|CS|TAMS 0x00000000fed00000, 0x00000000fed00000| Complete 
|  46|0x00000000fee00000, 0x00000000fef00000, 0x00000000fef00000|100%| E|CS|TAMS 0x00000000fee00000, 0x00000000fee00000| Complete 
|  47|0x00000000fef00000, 0x00000000ff000000, 0x00000000ff000000|100%| E|CS|TAMS 0x00000000fef00000, 0x00000000fef00000| Complete 
|  48|0x00000000ff000000, 0x00000000ff100000, 0x00000000ff100000|100%| E|CS|TAMS 0x00000000ff000000, 0x00000000ff000000| Complete 
|  49|0x00000000ff100000, 0x00000000ff200000, 0x00000000ff200000|100%| E|CS|TAMS 0x00000000ff100000, 0x00000000ff100000| Complete 
|  50|0x00000000ff200000, 0x00000000ff300000, 0x00000000ff300000|100%| E|CS|TAMS 0x00000000ff200000, 0x00000000ff200000| Complete 
|  51|0x00000000ff300000, 0x00000000ff400000, 0x00000000ff400000|100%| E|CS|TAMS 0x00000000ff300000, 0x00000000ff300000| Complete 
|  52|0x00000000ff400000, 0x00000000ff500000, 0x00000000ff500000|100%| E|CS|TAMS 0x00000000ff400000, 0x00000000ff400000| Complete 
|  53|0x00000000ff500000, 0x00000000ff600000, 0x00000000ff600000|100%| E|CS|TAMS 0x00000000ff500000, 0x00000000ff500000| Complete 
|  54|0x00000000ff600000, 0x00000000ff700000, 0x00000000ff700000|100%| E|CS|TAMS 0x00000000ff600000, 0x00000000ff600000| Complete 
|  55|0x00000000ff700000, 0x00000000ff800000, 0x00000000ff800000|100%| E|CS|TAMS 0x00000000ff700000, 0x00000000ff700000| Complete 
|  56|0x00000000ff800000, 0x00000000ff900000, 0x00000000ff900000|100%| E|CS|TAMS 0x00000000ff800000, 0x00000000ff800000| Complete 
|  57|0x00000000ff900000, 0x00000000ffa00000, 0x00000000ffa00000|100%| E|CS|TAMS 0x00000000ff900000, 0x00000000ff900000| Complete 
|  58|0x00000000ffa00000, 0x00000000ffb00000, 0x00000000ffb00000|100%| E|CS|TAMS 0x00000000ffa00000, 0x00000000ffa00000| Complete 
|  59|0x00000000ffb00000, 0x00000000ffc00000, 0x00000000ffc00000|100%| E|CS|TAMS 0x00000000ffb00000, 0x00000000ffb00000| Complete 
|  60|0x00000000ffc00000, 0x00000000ffd00000, 0x00000000ffd00000|100%| E|CS|TAMS 0x00000000ffc00000, 0x00000000ffc00000| Complete 
|  61|0x00000000ffd00000, 0x00000000ffe00000, 0x00000000ffe00000|100%| E|CS|TAMS 0x00000000ffd00000, 0x00000000ffd00000| Complete 
|  62|0x00000000ffe00000, 0x00000000fff00000, 0x00000000fff00000|100%| E|CS|TAMS 0x00000000ffe00000, 0x00000000ffe00000| Complete 
|  63|0x00000000fff00000, 0x0000000100000000, 0x0000000100000000|100%| E|CS|TAMS 0x00000000fff00000, 0x00000000fff00000| Complete 

Card table byte_map: [0x00000220e7ce0000,0x00000220e7d00000] _byte_map_base: 0x00000220e7500000

Marking Bits (Prev, Next): (CMBitMap*) 0x00000220e7f066d0, (CMBitMap*) 0x00000220e7f06710
 Prev Bits: [0x00000220e7d20000, 0x00000220e7e20000)
 Next Bits: [0x00000220fe7b0000, 0x00000220fe8b0000)

Polling page: 0x00000220e5ec0000

Metaspace:

Usage:
  Non-class:      8.11 MB used.
      Class:      1.21 MB used.
       Both:      9.33 MB used.

Virtual space:
  Non-class space:       64.00 MB reserved,       8.25 MB ( 13%) committed,  1 nodes.
      Class space:        1.00 GB reserved,       1.31 MB ( <1%) committed,  1 nodes.
             Both:        1.06 GB reserved,       9.56 MB ( <1%) committed. 

Chunk freelists:
   Non-Class:  7.67 MB
       Class:  14.52 MB
        Both:  22.19 MB

MaxMetaspaceSize: unlimited
CompressedClassSpaceSize: 1.00 GB
Initial GC threshold: 21.00 MB
Current GC threshold: 21.00 MB
CDS: on
MetaspaceReclaimPolicy: balanced
 - commit_granule_bytes: 65536.
 - commit_granule_words: 8192.
 - virtual_space_node_default_size: 8388608.
 - enlarge_chunks_in_place: 1.
 - new_chunks_are_fully_committed: 0.
 - uncommit_free_chunks: 1.
 - use_allocation_guard: 0.
 - handle_deallocations: 1.


Internal statistics:

num_allocs_failed_limit: 0.
num_arena_births: 72.
num_arena_deaths: 0.
num_vsnodes_births: 2.
num_vsnodes_deaths: 0.
num_space_committed: 153.
num_space_uncommitted: 0.
num_chunks_returned_to_freelist: 0.
num_chunks_taken_from_freelist: 330.
num_chunk_merges: 0.
num_chunk_splits: 214.
num_chunks_enlarged: 183.
num_inconsistent_stats: 0.

CodeHeap 'non-profiled nmethods': size=120000Kb used=1140Kb max_used=1140Kb free=118859Kb
 bounds [0x00000220f7280000, 0x00000220f74f0000, 0x00000220fe7b0000]
CodeHeap 'profiled nmethods': size=120000Kb used=3747Kb max_used=3747Kb free=116252Kb
 bounds [0x00000220ef7b0000, 0x00000220efb60000, 0x00000220f6ce0000]
CodeHeap 'non-nmethods': size=5760Kb used=1171Kb max_used=1241Kb free=4588Kb
 bounds [0x00000220f6ce0000, 0x00000220f6f50000, 0x00000220f7280000]
 total_blobs=2527 nmethods=2061 adapters=378
 compilation: enabled
              stopped_count=0, restarted_count=0
 full_count=0

Compilation events (20 events):
Event: 2030.638 Thread 0x00000220fee11fe0 2052       3       org.gradle.internal.logging.console.WorkInProgressRenderer$AssociationLabel::<init> (20 bytes)
Event: 2030.639 Thread 0x00000220fee11fe0 nmethod 2052 0x00000220efb57190 code [0x00000220efb57340, 0x00000220efb575b8]
Event: 2069.677 Thread 0x00000220fee11fe0 2053       3       com.google.common.collect.Lists$ReverseList$1::<init> (15 bytes)
Event: 2069.677 Thread 0x00000220fee11fe0 nmethod 2053 0x00000220efb57690 code [0x00000220efb57840, 0x00000220efb57a58]
Event: 2103.916 Thread 0x00000220fee11fe0 2054       3       com.google.common.collect.Lists$ReverseList::listIterator (27 bytes)
Event: 2103.917 Thread 0x00000220fee11fe0 nmethod 2054 0x00000220efb57b10 code [0x00000220efb57d00, 0x00000220efb58388]
Event: 2158.857 Thread 0x00000220fede3b80 2055       4       com.esotericsoftware.kryo.io.Input::require (220 bytes)
Event: 2158.863 Thread 0x00000220fede3b80 nmethod 2055 0x00000220f7398310 code [0x00000220f73984a0, 0x00000220f7398898]
Event: 2222.653 Thread 0x00000220fee11fe0 2056       3       org.gradle.internal.logging.console.DefaultColorMap$1::on (1 bytes)
Event: 2222.654 Thread 0x00000220fee11fe0 nmethod 2056 0x00000220efb58610 code [0x00000220efb587a0, 0x00000220efb588b8]
Event: 2222.695 Thread 0x00000220fee11fe0 2057       3       org.gradle.internal.logging.console.DefaultColorMap$1::off (1 bytes)
Event: 2222.695 Thread 0x00000220fee11fe0 nmethod 2057 0x00000220efb58990 code [0x00000220efb58b20, 0x00000220efb58c38]
Event: 2225.565 Thread 0x00000220fede3b80 2058       4       java.lang.StringCoding::implEncodeAsciiArray (47 bytes)
Event: 2225.573 Thread 0x00000220fede3b80 nmethod 2058 0x00000220f7398b10 code [0x00000220f7398c80, 0x00000220f7399038]
Event: 2234.127 Thread 0x00000220fede3b80 2059       4       java.lang.AbstractStringBuilder::append (54 bytes)
Event: 2234.138 Thread 0x00000220fede3b80 nmethod 2059 0x00000220f7399190 code [0x00000220f7399340, 0x00000220f7399ae8]
Event: 2238.281 Thread 0x00000220fede3b80 2060       4       org.gradle.internal.logging.console.DefaultColorMap::getColor (38 bytes)
Event: 2238.300 Thread 0x00000220fede3b80 nmethod 2060 0x00000220f7399f90 code [0x00000220f739a140, 0x00000220f739a938]
Event: 2240.389 Thread 0x00000220fede3b80 2061       4       org.gradle.internal.logging.console.DefaultAnsiExecutor$AnsiContextImpl::a (234 bytes)
Event: 2240.434 Thread 0x00000220fede3b80 nmethod 2061 0x00000220f739af10 code [0x00000220f739b160, 0x00000220f739c420]

GC Heap History (6 events):
Event: 0.577 GC heap before
{Heap before GC invocations=0 (full 0):
 garbage-first heap   total 65536K, used 12288K [0x00000000fc000000, 0x0000000100000000)
  region size 1024K, 13 young (13312K), 0 survivors (0K)
 Metaspace       used 1655K, committed 1792K, reserved 1114112K
  class space    used 155K, committed 192K, reserved 1048576K
}
Event: 0.582 GC heap after
{Heap after GC invocations=1 (full 0):
 garbage-first heap   total 65536K, used 1496K [0x00000000fc000000, 0x0000000100000000)
  region size 1024K, 2 young (2048K), 2 survivors (2048K)
 Metaspace       used 1655K, committed 1792K, reserved 1114112K
  class space    used 155K, committed 192K, reserved 1048576K
}
Event: 1.273 GC heap before
{Heap before GC invocations=1 (full 0):
 garbage-first heap   total 65536K, used 21976K [0x00000000fc000000, 0x0000000100000000)
  region size 1024K, 20 young (20480K), 2 survivors (2048K)
 Metaspace       used 2339K, committed 2496K, reserved 1114112K
  class space    used 231K, committed 320K, reserved 1048576K
}
Event: 1.280 GC heap after
{Heap after GC invocations=2 (full 0):
 garbage-first heap   total 65536K, used 9335K [0x00000000fc000000, 0x0000000100000000)
  region size 1024K, 3 young (3072K), 3 survivors (3072K)
 Metaspace       used 2339K, committed 2496K, reserved 1114112K
  class space    used 231K, committed 320K, reserved 1048576K
}
Event: 835.537 GC heap before
{Heap before GC invocations=2 (full 0):
 garbage-first heap   total 65536K, used 45175K [0x00000000fc000000, 0x0000000100000000)
  region size 1024K, 38 young (38912K), 3 survivors (3072K)
 Metaspace       used 9474K, committed 9664K, reserved 1114112K
  class space    used 1243K, committed 1344K, reserved 1048576K
}
Event: 835.574 GC heap after
{Heap after GC invocations=3 (full 0):
 garbage-first heap   total 65536K, used 11665K [0x00000000fc000000, 0x0000000100000000)
  region size 1024K, 5 young (5120K), 5 survivors (5120K)
 Metaspace       used 9474K, committed 9664K, reserved 1114112K
  class space    used 1243K, committed 1344K, reserved 1048576K
}

Deoptimization events (20 events):
Event: 1892.859 Thread 0x00000220e7ee6660 DEOPT UNPACKING pc=0x00000220f6d32b43 sp=0x000000be7cefc360 mode 0
Event: 1894.725 Thread 0x00000220e7ee6660 DEOPT PACKING pc=0x00000220efb3f635 sp=0x000000be7cefd010
Event: 1894.725 Thread 0x00000220e7ee6660 DEOPT UNPACKING pc=0x00000220f6d32b43 sp=0x000000be7cefc4a8 mode 0
Event: 1894.726 Thread 0x00000220e7ee6660 DEOPT PACKING pc=0x00000220efb3eefe sp=0x000000be7cefcef0
Event: 1894.726 Thread 0x00000220e7ee6660 DEOPT UNPACKING pc=0x00000220f6d32b43 sp=0x000000be7cefc360 mode 0
Event: 1900.990 Thread 0x00000220e7ee6660 DEOPT PACKING pc=0x00000220efb3f635 sp=0x000000be7cefd010
Event: 1900.990 Thread 0x00000220e7ee6660 DEOPT UNPACKING pc=0x00000220f6d32b43 sp=0x000000be7cefc4a8 mode 0
Event: 1904.781 Thread 0x00000220e7ee6660 Uncommon trap: trap_request=0xffffff45 fr.pc=0x00000220f7376960 relative=0x00000000000001c0
Event: 1904.781 Thread 0x00000220e7ee6660 Uncommon trap: reason=unstable_if action=reinterpret pc=0x00000220f7376960 method=com.esotericsoftware.kryo.io.Input.require(I)I @ 65 c2
Event: 1904.781 Thread 0x00000220e7ee6660 DEOPT PACKING pc=0x00000220f7376960 sp=0x000000be7cefd0d0
Event: 1904.781 Thread 0x00000220e7ee6660 DEOPT UNPACKING pc=0x00000220f6d323a3 sp=0x000000be7cefd080 mode 2
Event: 1993.003 Thread 0x00000220ffbe16d0 DEOPT PACKING pc=0x00000220efb3e583 sp=0x000000be7e4feea0
Event: 1993.003 Thread 0x00000220ffbe16d0 DEOPT UNPACKING pc=0x00000220f6d32b43 sp=0x000000be7e4fe310 mode 0
Event: 2109.301 Thread 0x00000220ffbe16d0 DEOPT PACKING pc=0x00000220efb3e583 sp=0x000000be7e4feea0
Event: 2109.301 Thread 0x00000220ffbe16d0 DEOPT UNPACKING pc=0x00000220f6d32b43 sp=0x000000be7e4fe310 mode 0
Event: 2225.567 Thread 0x00000220ffbe16d0 DEOPT PACKING pc=0x00000220efb3e583 sp=0x000000be7e4feea0
Event: 2225.567 Thread 0x00000220ffbe16d0 DEOPT UNPACKING pc=0x00000220f6d32b43 sp=0x000000be7e4fe310 mode 0
Event: 2276.931 Thread 0x00000220ffbe16d0 Uncommon trap: trap_request=0xfffffff4 fr.pc=0x00000220f739a74c relative=0x000000000000060c
Event: 2276.932 Thread 0x00000220ffbe16d0 Uncommon trap: reason=null_check action=make_not_entrant pc=0x00000220f739a74c method=org.gradle.internal.logging.console.DefaultColorMap.getColor(Ljava/lang/String;)Lorg/gradle/internal/logging/console/ColorMap$Color; @ 10 c2
Event: 2276.932 Thread 0x00000220ffbe16d0 DEOPT PACKING pc=0x00000220f739a74c sp=0x000000be7e4fea80

Classes unloaded (0 events):
No events

Classes redefined (0 events):
No events

Internal exceptions (20 events):
Event: 0.260 Thread 0x00000220e7ee6660 Exception <a 'java/lang/NoSuchMethodError'{0x00000000ffde8918}: 'int java.lang.invoke.DirectMethodHandle$Holder.invokeStaticInit(java.lang.Object, java.lang.Object)'> (0x00000000ffde8918) 
thrown [s\open\src\hotspot\share\interpreter\linkResolver.cpp, line 759]
Event: 1.401 Thread 0x00000220e7ee6660 Exception <a 'java/lang/NoSuchMethodError'{0x00000000ffd81a20}: 'int java.lang.invoke.DirectMethodHandle$Holder.invokeStatic(java.lang.Object, java.lang.Object, int)'> (0x00000000ffd81a20) 
thrown [s\open\src\hotspot\share\interpreter\linkResolver.cpp, line 759]
Event: 1.583 Thread 0x00000220e7ee6660 Exception <a 'java/lang/NoSuchMethodError'{0x00000000ff9278a8}: 'java.lang.Object java.lang.invoke.DirectMethodHandle$Holder.invokeStaticInit(java.lang.Object)'> (0x00000000ff9278a8) 
thrown [s\open\src\hotspot\share\interpreter\linkResolver.cpp, line 759]
Event: 1.596 Thread 0x00000220e7ee6660 Exception <a 'java/lang/NoSuchMethodError'{0x00000000ff942570}: 'int java.lang.invoke.DirectMethodHandle$Holder.invokeSpecial(java.lang.Object, java.lang.Object, java.lang.Object)'> (0x00000000ff942570) 
thrown [s\open\src\hotspot\share\interpreter\linkResolver.cpp, line 759]
Event: 1.610 Thread 0x00000220e7ee6660 Exception <a 'java/lang/NoSuchMethodError'{0x00000000ff97f440}: 'void java.lang.invoke.DirectMethodHandle$Holder.invokeStatic(java.lang.Object, java.lang.Object)'> (0x00000000ff97f440) 
thrown [s\open\src\hotspot\share\interpreter\linkResolver.cpp, line 759]
Event: 1.611 Thread 0x00000220e7ee6660 Implicit null exception at 0x00000220f72e1d8f to 0x00000220f72e22ec
Event: 1.685 Thread 0x00000220e7ee6660 Exception <a 'java/lang/NoSuchMethodError'{0x00000000ff72d170}: 'java.lang.Object java.lang.invoke.Invokers$Holder.invoker(java.lang.Object, java.lang.Object, java.lang.Object)'> (0x00000000ff72d170) 
thrown [s\open\src\hotspot\share\interpreter\linkResolver.cpp, line 759]
Event: 1.687 Thread 0x00000220e7ee6660 Exception <a 'java/lang/NoSuchMethodError'{0x00000000ff7362c8}: 'java.lang.Object java.lang.invoke.DirectMethodHandle$Holder.invokeStatic(java.lang.Object, java.lang.Object, int)'> (0x00000000ff7362c8) 
thrown [s\open\src\hotspot\share\interpreter\linkResolver.cpp, line 759]
Event: 1.689 Thread 0x00000220e7ee6660 Exception <a 'java/lang/NoSuchMethodError'{0x00000000ff741fb8}: 'void java.lang.invoke.DelegatingMethodHandle$Holder.delegate(java.lang.Object, java.lang.Object, int, java.lang.Object)'> (0x00000000ff741fb8) 
thrown [s\open\src\hotspot\share\interpreter\linkResolver.cpp, line 759]
Event: 1.693 Thread 0x00000220e7ee6660 Exception <a 'java/lang/NoSuchMethodError'{0x00000000ff755600}: 'java.lang.Object java.lang.invoke.Invokers$Holder.invokeExact_MT(java.lang.Object, java.lang.Object, java.lang.Object, java.lang.Object)'> (0x00000000ff755600) 
thrown [s\open\src\hotspot\share\interpreter\linkResolver.cpp, line 759]
Event: 1.723 Thread 0x00000220e7ee6660 Exception <a 'java/lang/NoSuchMethodError'{0x00000000ff77c4f0}: 'java.lang.Object java.lang.invoke.DirectMethodHandle$Holder.invokeVirtual(java.lang.Object, java.lang.Object, java.lang.Object)'> (0x00000000ff77c4f0) 
thrown [s\open\src\hotspot\share\interpreter\linkResolver.cpp, line 759]
Event: 1.889 Thread 0x00000220e7ee6660 Exception <a 'java/lang/NoSuchMethodError'{0x00000000ff36f9c8}: 'java.lang.Object java.lang.invoke.DirectMethodHandle$Holder.newInvokeSpecial(java.lang.Object, java.lang.Object, java.lang.Object, java.lang.Object, java.lang.Object)'> (0x00000000ff36f9c8) 
thrown [s\open\src\hotspot\share\interpreter\linkResolver.cpp, line 759]
Event: 1.945 Thread 0x00000220e7ee6660 Exception <a 'java/lang/NoSuchMethodError'{0x00000000ff2a3f00}: 'void java.lang.invoke.DirectMethodHandle$Holder.invokeSpecial(java.lang.Object, java.lang.Object, java.lang.Object)'> (0x00000000ff2a3f00) 
thrown [s\open\src\hotspot\share\interpreter\linkResolver.cpp, line 759]
Event: 1.959 Thread 0x00000220e7ee6660 Implicit null exception at 0x00000220f72c7c0f to 0x00000220f72c8174
Event: 1.969 Thread 0x00000220e7ee6660 Implicit null exception at 0x00000220f72b258f to 0x00000220f72b2609
Event: 2.233 Thread 0x00000220e7ee6660 Exception <a 'java/lang/NoSuchMethodError'{0x00000000fef16420}: 'void java.lang.invoke.DirectMethodHandle$Holder.invokeStatic(java.lang.Object, java.lang.Object, java.lang.Object)'> (0x00000000fef16420) 
thrown [s\open\src\hotspot\share\interpreter\linkResolver.cpp, line 759]
Event: 2.452 Thread 0x00000220e7ee6660 Exception <a 'java/lang/NoSuchMethodError'{0x00000000fe8f9530}: 'java.lang.Object java.lang.invoke.DirectMethodHandle$Holder.invokeStaticInit(java.lang.Object, int, int, int, int)'> (0x00000000fe8f9530) 
thrown [s\open\src\hotspot\share\interpreter\linkResolver.cpp, line 759]
Event: 2.550 Thread 0x00000220e7ee6660 Exception <a 'java/lang/NoSuchMethodError'{0x00000000fe737280}: 'java.lang.Object java.lang.invoke.DirectMethodHandle$Holder.invokeStaticInit(java.lang.Object, java.lang.Object, int, int, int, int)'> (0x00000000fe737280) 
thrown [s\open\src\hotspot\share\interpreter\linkResolver.cpp, line 759]
Event: 2.598 Thread 0x00000220e7ee6660 Implicit null exception at 0x00000220f72c3ef2 to 0x00000220f72c450c
Event: 2276.931 Thread 0x00000220ffbe16d0 Implicit null exception at 0x00000220f739a380 to 0x00000220f739a737

VM Operations (20 events):
Event: 1848.826 Executing VM operation: Cleanup
Event: 1848.826 Executing VM operation: Cleanup done
Event: 1852.843 Executing VM operation: Cleanup
Event: 1852.843 Executing VM operation: Cleanup done
Event: 1855.870 Executing VM operation: Cleanup
Event: 1855.870 Executing VM operation: Cleanup done
Event: 1857.893 Executing VM operation: Cleanup
Event: 1857.893 Executing VM operation: Cleanup done
Event: 1899.124 Executing VM operation: Cleanup
Event: 1899.124 Executing VM operation: Cleanup done
Event: 1908.192 Executing VM operation: Cleanup
Event: 1908.192 Executing VM operation: Cleanup done
Event: 1962.596 Executing VM operation: Cleanup
Event: 1962.596 Executing VM operation: Cleanup done
Event: 1970.639 Executing VM operation: Cleanup
Event: 1970.639 Executing VM operation: Cleanup done
Event: 1978.724 Executing VM operation: Cleanup
Event: 1978.724 Executing VM operation: Cleanup done
Event: 1995.845 Executing VM operation: Cleanup
Event: 1995.845 Executing VM operation: Cleanup done

Events (20 events):
Event: 7.692 loading class jdk/internal/logger/LoggerFinderLoader$TemporaryLoggerFinder
Event: 7.692 loading class jdk/internal/logger/LoggerFinderLoader$TemporaryLoggerFinder done
Event: 7.692 loading class sun/util/logging/internal/LoggingProviderImpl$JULWrapper
Event: 7.693 loading class sun/util/logging/PlatformLogger$ConfigurableBridge$LoggerConfiguration
Event: 7.693 loading class sun/util/logging/PlatformLogger$ConfigurableBridge$LoggerConfiguration done
Event: 7.693 loading class sun/util/logging/internal/LoggingProviderImpl$JULWrapper done
Event: 7.693 loading class java/io/ObjectInputFilter
Event: 7.693 loading class java/io/ObjectInputFilter done
Event: 7.694 loading class java/io/ObjectInputFilter$Config$BuiltinFilterFactory
Event: 7.694 loading class java/io/ObjectInputFilter$Config$BuiltinFilterFactory done
Event: 7.694 loading class jdk/internal/access/JavaObjectInputFilterAccess
Event: 7.694 loading class jdk/internal/access/JavaObjectInputFilterAccess done
Event: 7.694 loading class java/lang/System$Logger$Level
Event: 7.694 loading class java/lang/System$Logger$Level done
Event: 7.694 loading class java/io/Bits
Event: 7.695 loading class java/io/Bits done
Event: 8.626 loading class java/util/ArrayList$ListItr
Event: 8.626 loading class java/util/ArrayList$ListItr done
Event: 13.603 loading class jdk/internal/misc/ScopedMemoryAccess$Scope
Event: 13.604 loading class jdk/internal/misc/ScopedMemoryAccess$Scope done


Dynamic libraries:
0x00007ff6056a0000 - 0x00007ff6056b0000 	C:\Program Files\Java\jdk-17\bin\java.exe
0x00007ffccd8d0000 - 0x00007ffccdac8000 	C:\WINDOWS\SYSTEM32\ntdll.dll
0x00007ffccbc40000 - 0x00007ffccbd02000 	C:\WINDOWS\System32\KERNEL32.DLL
0x00007ffccb390000 - 0x00007ffccb686000 	C:\WINDOWS\System32\KERNELBASE.dll
0x00007ffccb200000 - 0x00007ffccb300000 	C:\WINDOWS\System32\ucrtbase.dll
0x00007ffcc4d60000 - 0x00007ffcc4d79000 	C:\Program Files\Java\jdk-17\bin\jli.dll
0x00007ffccc7e0000 - 0x00007ffccc891000 	C:\WINDOWS\System32\ADVAPI32.dll
0x00007ffccd6d0000 - 0x00007ffccd76e000 	C:\WINDOWS\System32\msvcrt.dll
0x00007ffccbb20000 - 0x00007ffccbbbf000 	C:\WINDOWS\System32\sechost.dll
0x00007ffccd770000 - 0x00007ffccd890000 	C:\WINDOWS\System32\RPCRT4.dll
0x00007ffccb010000 - 0x00007ffccb037000 	C:\WINDOWS\System32\bcrypt.dll
0x00007ffcccf30000 - 0x00007ffccd0d1000 	C:\WINDOWS\System32\USER32.dll
0x00007ffcb5070000 - 0x00007ffcb508b000 	C:\Program Files\Java\jdk-17\bin\VCRUNTIME140.dll
0x00007ffccb690000 - 0x00007ffccb6b2000 	C:\WINDOWS\System32\win32u.dll
0x00007ffccd190000 - 0x00007ffccd1bb000 	C:\WINDOWS\System32\GDI32.dll
0x00007ffccb0e0000 - 0x00007ffccb1f9000 	C:\WINDOWS\System32\gdi32full.dll
0x00007ffccb040000 - 0x00007ffccb0dd000 	C:\WINDOWS\System32\msvcp_win.dll
0x00007ffcb2150000 - 0x00007ffcb23eb000 	C:\WINDOWS\WinSxS\amd64_microsoft.windows.common-controls_6595b64144ccf1df_6.0.19041.6456_none_60b8a6cb71f64256\COMCTL32.dll
0x00007ffcbeb70000 - 0x00007ffcbeb7a000 	C:\WINDOWS\SYSTEM32\VERSION.dll
0x00007ffccb8f0000 - 0x00007ffccb91f000 	C:\WINDOWS\System32\IMM32.DLL
0x00007ffcc5540000 - 0x00007ffcc554c000 	C:\Program Files\Java\jdk-17\bin\vcruntime140_1.dll
0x00007ffc4e200000 - 0x00007ffc4e28e000 	C:\Program Files\Java\jdk-17\bin\msvcp140.dll
0x00007ffc32450000 - 0x00007ffc33030000 	C:\Program Files\Java\jdk-17\bin\server\jvm.dll
0x00007ffccbed0000 - 0x00007ffccbed8000 	C:\WINDOWS\System32\PSAPI.DLL
0x00007ffcbd9b0000 - 0x00007ffcbd9d7000 	C:\WINDOWS\SYSTEM32\WINMM.dll
0x00007ffcbd9e0000 - 0x00007ffcbd9e9000 	C:\WINDOWS\SYSTEM32\WSOCK32.dll
0x00007ffccc770000 - 0x00007ffccc7db000 	C:\WINDOWS\System32\WS2_32.dll
0x00007ffcc98c0000 - 0x00007ffcc98d2000 	C:\WINDOWS\SYSTEM32\kernel.appcore.dll
0x00007ffcc0430000 - 0x00007ffcc043a000 	C:\Program Files\Java\jdk-17\bin\jimage.dll
0x00007ffcc9480000 - 0x00007ffcc9681000 	C:\WINDOWS\SYSTEM32\DBGHELP.DLL
0x00007ffcc03a0000 - 0x00007ffcc03d4000 	C:\WINDOWS\SYSTEM32\dbgcore.DLL
0x00007ffccb300000 - 0x00007ffccb382000 	C:\WINDOWS\System32\bcryptPrimitives.dll
0x00007ffcb2fd0000 - 0x00007ffcb2ff5000 	C:\Program Files\Java\jdk-17\bin\java.dll
0x00007ffc3e230000 - 0x00007ffc3e307000 	C:\Program Files\Java\jdk-17\bin\jsvml.dll
0x00007ffccc000000 - 0x00007ffccc770000 	C:\WINDOWS\System32\SHELL32.dll
0x00007ffcc8cc0000 - 0x00007ffcc9465000 	C:\WINDOWS\SYSTEM32\windows.storage.dll
0x00007ffccd370000 - 0x00007ffccd6c4000 	C:\WINDOWS\System32\combase.dll
0x00007ffcca990000 - 0x00007ffcca9bb000 	C:\WINDOWS\SYSTEM32\Wldp.dll
0x00007ffccd2a0000 - 0x00007ffccd36d000 	C:\WINDOWS\System32\OLEAUT32.dll
0x00007ffcccd90000 - 0x00007ffccce3d000 	C:\WINDOWS\System32\SHCORE.dll
0x00007ffccb980000 - 0x00007ffccb9db000 	C:\WINDOWS\System32\shlwapi.dll
0x00007ffccae90000 - 0x00007ffccaeb4000 	C:\WINDOWS\SYSTEM32\profapi.dll
0x00007ffcb3110000 - 0x00007ffcb3129000 	C:\Program Files\Java\jdk-17\bin\net.dll
0x00007ffcbe920000 - 0x00007ffcbea2a000 	C:\WINDOWS\SYSTEM32\WINHTTP.dll
0x00007ffcca6f0000 - 0x00007ffcca75a000 	C:\WINDOWS\system32\mswsock.dll
0x00007ffcb2fb0000 - 0x00007ffcb2fc6000 	C:\Program Files\Java\jdk-17\bin\nio.dll
0x00007ffcab350000 - 0x00007ffcab368000 	C:\Program Files\Java\jdk-17\bin\zip.dll
0x00007ffcb77a0000 - 0x00007ffcb77aa000 	C:\Program Files\Java\jdk-17\bin\management.dll
0x00007ffcb2f80000 - 0x00007ffcb2f8b000 	C:\Program Files\Java\jdk-17\bin\management_ext.dll
0x00007ffcab340000 - 0x00007ffcab350000 	C:\Program Files\Java\jdk-17\bin\verify.dll
0x00007ffca08d0000 - 0x00007ffca08f7000 	C:\Users\ajith\.gradle\native\1def1411415f61bf3af743bc5b6707747c0891f09f0c88961ee8f79bc544acac\windows-amd64\native-platform.dll
0x00007ffcab150000 - 0x00007ffcab15a000 	C:\Users\ajith\.gradle\native\jansi\1.18\windows64\jansi.dll
0x00007ffcca380000 - 0x00007ffcca3bb000 	C:\WINDOWS\SYSTEM32\IPHLPAPI.DLL
0x00007ffccbec0000 - 0x00007ffccbec8000 	C:\WINDOWS\System32\NSI.dll
0x00007ffcbf9d0000 - 0x00007ffcbf9e7000 	C:\WINDOWS\SYSTEM32\dhcpcsvc6.DLL
0x00007ffcc0b50000 - 0x00007ffcc0b6d000 	C:\WINDOWS\SYSTEM32\dhcpcsvc.DLL
0x00007ffcca3d0000 - 0x00007ffcca49a000 	C:\WINDOWS\SYSTEM32\DNSAPI.dll
0x00007ffcca8f0000 - 0x00007ffcca908000 	C:\WINDOWS\SYSTEM32\CRYPTSP.dll
0x00007ffcc9fa0000 - 0x00007ffcc9fd8000 	C:\WINDOWS\system32\rsaenh.dll
0x00007ffccae50000 - 0x00007ffccae7e000 	C:\WINDOWS\SYSTEM32\USERENV.dll
0x00007ffcca8e0000 - 0x00007ffcca8ec000 	C:\WINDOWS\SYSTEM32\CRYPTBASE.dll
0x00007ffcaa5a0000 - 0x00007ffcaa5ae000 	C:\Program Files\Java\jdk-17\bin\sunmscapi.dll
0x00007ffccb6c0000 - 0x00007ffccb81d000 	C:\WINDOWS\System32\CRYPT32.dll
0x00007ffccaa00000 - 0x00007ffccaa27000 	C:\WINDOWS\SYSTEM32\ncrypt.dll
0x00007ffcca9c0000 - 0x00007ffcca9fb000 	C:\WINDOWS\SYSTEM32\NTASN1.dll
0x00007ffcb0eb0000 - 0x00007ffcb0eb7000 	C:\WINDOWS\system32\wshunix.dll

dbghelp: loaded successfully - version: 4.0.5 - missing functions: none
symbol engine: initialized successfully - sym options: 0x614 - pdb path: .;C:\Program Files\Java\jdk-17\bin;C:\WINDOWS\SYSTEM32;C:\WINDOWS\WinSxS\amd64_microsoft.windows.common-controls_6595b64144ccf1df_6.0.19041.6456_none_60b8a6cb71f64256;C:\Program Files\Java\jdk-17\bin\server;C:\Users\ajith\.gradle\native\1def1411415f61bf3af743bc5b6707747c0891f09f0c88961ee8f79bc544acac\windows-amd64;C:\Users\ajith\.gradle\native\jansi\1.18\windows64

VM Arguments:
jvm_args: -Xmx64m -Xms64m -Dorg.gradle.appname=gradlew 
java_command: D:\NativeApp\NewMatrimonyApp\android\\gradle\wrapper\gradle-wrapper.jar assembleRelease
java_class_path (initial): D:\NativeApp\NewMatrimonyApp\android\\gradle\wrapper\gradle-wrapper.jar
Launcher Type: SUN_STANDARD

[Global flags]
     intx CICompilerCount                          = 3                                         {product} {ergonomic}
     uint ConcGCThreads                            = 1                                         {product} {ergonomic}
     uint G1ConcRefinementThreads                  = 4                                         {product} {ergonomic}
   size_t G1HeapRegionSize                         = 1048576                                   {product} {ergonomic}
    uintx GCDrainStackTargetSize                   = 64                                        {product} {ergonomic}
   size_t InitialHeapSize                          = 67108864                                  {product} {command line}
   size_t MarkStackSize                            = 4194304                                   {product} {ergonomic}
   size_t MaxHeapSize                              = 67108864                                  {product} {command line}
   size_t MaxNewSize                               = 39845888                                  {product} {ergonomic}
   size_t MinHeapDeltaBytes                        = 1048576                                   {product} {ergonomic}
   size_t MinHeapSize                              = 67108864                                  {product} {command line}
    uintx NonNMethodCodeHeapSize                   = 5832780                                {pd product} {ergonomic}
    uintx NonProfiledCodeHeapSize                  = 122912730                              {pd product} {ergonomic}
    uintx ProfiledCodeHeapSize                     = 122912730                              {pd product} {ergonomic}
    uintx ReservedCodeCacheSize                    = 251658240                              {pd product} {ergonomic}
     bool SegmentedCodeCache                       = true                                      {product} {ergonomic}
   size_t SoftMaxHeapSize                          = 67108864                               {manageable} {ergonomic}
     bool UseCompressedClassPointers               = true                           {product lp64_product} {ergonomic}
     bool UseCompressedOops                        = true                           {product lp64_product} {ergonomic}
     bool UseG1GC                                  = true                                      {product} {ergonomic}
     bool UseLargePagesIndividualAllocation        = false                                  {pd product} {ergonomic}

Logging:
Log output configuration:
 #0: stdout all=warning uptime,level,tags
 #1: stderr all=off uptime,level,tags

Environment Variables:
JAVA_HOME=C:\Program Files\Java\jdk-17
PATH=C:\Program Files\Common Files\Oracle\Java\javapath;C:\WINDOWS\system32;C:\WINDOWS;C:\WINDOWS\System32\Wbem;C:\WINDOWS\System32\WindowsPowerShell\v1.0\;C:\WINDOWS\System32\OpenSSH\;C:\Program Files\Git\cmd;C:\Program Files\nodejs\;%JAVA_HOME%\bin;C:\Users\ajith\AppData\Local\Microsoft\WindowsApps;C:\Users\ajith\AppData\Local\Programs\Microsoft VS Code\bin;C:\Users\ajith\AppData\Roaming\npm;C:\Users\ajith\AppData\Local\Android\Sdk\platform-tools;C:\Users\ajith\AppData\Local\Android\Sdk\emulator;C:\Users\ajith\AppData\Local\Programs\cursor\resources\app\bin;C:\Users\ajith\AppData\Local\Programs\Antigravity\bin;c:\Users\ajith\.antigravity\extensions\vscjava.vscode-java-debug-0.58.5-universal\bundled\scripts\noConfigScripts
USERNAME=ajith
LANG=en_US.UTF-8
OS=Windows_NT
PROCESSOR_IDENTIFIER=Intel64 Family 6 Model 142 Stepping 9, GenuineIntel



---------------  S Y S T E M  ---------------

OS:
 Windows 10 , 64 bit Build 19041 (10.0.19041.5915)
OS uptime: 3 days 4:22 hours

CPU: total 4 (initial active 4) (2 cores per cpu, 2 threads per core) family 6 model 142 stepping 9 microcode 0xf6, cx8, cmov, fxsr, ht, mmx, 3dnowpref, sse, sse2, sse3, ssse3, sse4.1, sse4.2, popcnt, lzcnt, tsc, tscinvbit, avx, avx2, aes, erms, clmul, bmi1, bmi2, rtm, adx, fma, vzeroupper, clflush, clflushopt

Memory: 4k page, system-wide physical 16242M (405M free)
TotalPageFile size 27188M (AvailPageFile size 0M)
current process WorkingSet (physical memory assigned to process): 29M, peak: 96M
current process commit charge ("private bytes"): 156M, peak: 178M

vm_info: Java HotSpot(TM) 64-Bit Server VM (17.0.12+8-LTS-286) for windows-amd64 JRE (17.0.12+8-LTS-286), built on Jun  5 2024 06:46:59 by "mach5one" with MS VC++ 17.6 (VS2022)

END.
